# JRE version: Java(TM) SE Runtime Environment (17.0.8+9) (build 17.0.8+9-LTS-211)
# Java VM: Java HotSpot(TM) 64-Bit Server VM (17.0.8+9-LTS-211, mixed mode, sharing, tiered, compressed oops, compressed class ptrs, g1 gc, windows-amd64)
GC Precious Log:
 CPUs: 8 total, 8 available
 Memory: 7959M
 Large Page Support: Disabled
 NUMA Support: Disabled
 Compressed Oops: Enabled (32-bit)
 Heap Region Size: 1M
 Heap Min Capacity: 8M
 Heap Initial Capacity: 8M
 Heap Max Capacity: 1990M
 Pre-touch: Disabled
 Parallel Workers: 8
 Concurrent Workers: 2
 Concurrent Refinement Workers: 8
 Periodic GC: Disabled
Heap:
 garbage-first heap   total 10240K, used 4136K [0x0000000083a00000, 0x0000000100000000)
  region size 1024K, 1 young (1024K), 1 survivors (1024K)
 Metaspace       used 8014K, committed 8192K, reserved 1114112K
  class space    used 930K, committed 1024K, reserved 1048576K
GC Heap History (17 events):
Event: 0.190 GC heap before
{Heap before GC invocations=0 (full 0):
 garbage-first heap   total 8192K, used 3072K [0x0000000083a00000, 0x0000000100000000)
  region size 1024K, 3 young (3072K), 0 survivors (0K)
 Metaspace       used 2705K, committed 2880K, reserved 1114112K
  class space    used 352K, committed 448K, reserved 1048576K
}
Event: 0.193 GC heap after
{Heap after GC invocations=1 (full 0):
 garbage-first heap   total 8192K, used 1568K [0x0000000083a00000, 0x0000000100000000)
  region size 1024K, 1 young (1024K), 1 survivors (1024K)
 Metaspace       used 2705K, committed 2880K, reserved 1114112K
  class space    used 352K, committed 448K, reserved 1048576K
}
Event: 0.294 GC heap before
{Heap before GC invocations=1 (full 0):
 garbage-first heap   total 8192K, used 2592K [0x0000000083a00000, 0x0000000100000000)
  region size 1024K, 2 young (2048K), 1 survivors (1024K)
 Metaspace       used 5413K, committed 5568K, reserved 1114112K
  class space    used 642K, committed 768K, reserved 1048576K
}
Event: 0.297 GC heap after
{Heap after GC invocations=2 (full 0):
 garbage-first heap   total 8192K, used 2024K [0x0000000083a00000, 0x0000000100000000)
  region size 1024K, 1 young (1024K), 1 survivors (1024K)
 Metaspace       used 5413K, committed 5568K, reserved 1114112K
  class space    used 642K, committed 768K, reserved 1048576K
}
Event: 0.370 GC heap before
{Heap before GC invocations=2 (full 0):
 garbage-first heap   total 8192K, used 3048K [0x0000000083a00000, 0x0000000100000000)
  region size 1024K, 2 young (2048K), 1 survivors (1024K)
 Metaspace       used 7120K, committed 7296K, reserved 1114112K
  class space    used 836K, committed 896K, reserved 1048576K
}
Event: 0.372 GC heap after
{Heap after GC invocations=3 (full 0):
 garbage-first heap   total 8192K, used 2228K [0x0000000083a00000, 0x0000000100000000)
  region size 1024K, 1 young (1024K), 1 survivors (1024K)
 Metaspace       used 7120K, committed 7296K, reserved 1114112K
  class space    used 836K, committed 896K, reserved 1048576K
}
Event: 0.412 GC heap before
{Heap before GC invocations=3 (full 0):
 garbage-first heap   total 8192K, used 3252K [0x0000000083a00000, 0x0000000100000000)
  region size 1024K, 2 young (2048K), 1 survivors (1024K)
 Metaspace       used 7557K, committed 7744K, reserved 1114112K
  class space    used 885K, committed 960K, reserved 1048576K
}
Event: 0.414 GC heap after
{Heap after GC invocations=4 (full 0):
 garbage-first heap   total 8192K, used 2496K [0x0000000083a00000, 0x0000000100000000)
  region size 1024K, 1 young (1024K), 1 survivors (1024K)
 Metaspace       used 7557K, committed 7744K, reserved 1114112K
  class space    used 885K, committed 960K, reserved 1048576K
}
Event: 0.439 GC heap before
{Heap before GC invocations=4 (full 0):
 garbage-first heap   total 8192K, used 3520K [0x0000000083a00000, 0x0000000100000000)
  region size 1024K, 2 young (2048K), 1 survivors (1024K)
 Metaspace       used 7634K, committed 7808K, reserved 1114112K
  class space    used 891K, committed 960K, reserved 1048576K
}
Event: 0.441 GC heap after
{Heap after GC invocations=5 (full 0):
 garbage-first heap   total 10240K, used 2962K [0x0000000083a00000, 0x0000000100000000)
  region size 1024K, 1 young (1024K), 1 survivors (1024K)
 Metaspace       used 7634K, committed 7808K, reserved 1114112K
  class space    used 891K, committed 960K, reserved 1048576K
}
Event: 0.493 GC heap before
{Heap before GC invocations=5 (full 0):
 garbage-first heap   total 10240K, used 5010K [0x0000000083a00000, 0x0000000100000000)
  region size 1024K, 3 young (3072K), 1 survivors (1024K)
 Metaspace       used 7897K, committed 8064K, reserved 1114112K
  class space    used 921K, committed 1024K, reserved 1048576K
}
Event: 0.495 GC heap after
{Heap after GC invocations=6 (full 0):
 garbage-first heap   total 10240K, used 3415K [0x0000000083a00000, 0x0000000100000000)
  region size 1024K, 1 young (1024K), 1 survivors (1024K)
 Metaspace       used 7897K, committed 8064K, reserved 1114112K
  class space    used 921K, committed 1024K, reserved 1048576K
}
Event: 0.521 GC heap before
{Heap before GC invocations=6 (full 0):
 garbage-first heap   total 10240K, used 5463K [0x0000000083a00000, 0x0000000100000000)
  region size 1024K, 3 young (3072K), 1 survivors (1024K)
 Metaspace       used 7982K, committed 8192K, reserved 1114112K
  class space    used 930K, committed 1024K, reserved 1048576K
}
Event: 0.524 GC heap after
{Heap after GC invocations=7 (full 0):
 garbage-first heap   total 10240K, used 3665K [0x0000000083a00000, 0x0000000100000000)
  region size 1024K, 1 young (1024K), 1 survivors (1024K)
 Metaspace       used 7982K, committed 8192K, reserved 1114112K
  class space    used 930K, committed 1024K, reserved 1048576K
}
Event: 0.533 GC heap before
{Heap before GC invocations=7 (full 0):
 garbage-first heap   total 10240K, used 5713K [0x0000000083a00000, 0x0000000100000000)
  region size 1024K, 3 young (3072K), 1 survivors (1024K)
 Metaspace       used 8004K, committed 8192K, reserved 1114112K
  class space    used 930K, committed 1024K, reserved 1048576K
}
Event: 0.535 GC heap after
{Heap after GC invocations=8 (full 0):
 garbage-first heap   total 10240K, used 4072K [0x0000000083a00000, 0x0000000100000000)
  region size 1024K, 1 young (1024K), 1 survivors (1024K)
 Metaspace       used 8004K, committed 8192K, reserved 1114112K
  class space    used 930K, committed 1024K, reserved 1048576K
}
Event: 0.541 GC heap before
{Heap before GC invocations=8 (full 0):
 garbage-first heap   total 10240K, used 5096K [0x0000000083a00000, 0x0000000100000000)
  region size 1024K, 2 young (2048K), 1 survivors (1024K)
 Metaspace       used 8014K, committed 8192K, reserved 1114112K
  class space    used 930K, committed 1024K, reserved 1048576K
}

